c:\users\joe\desktop\textadventureengine\textadventure\dependencies\pdcurses\release\pdcurses.pdb
c:\users\joe\desktop\textadventureengine\textadventure\dependencies\pdcurses\release\inopts.obj
c:\users\joe\desktop\textadventureengine\textadventure\dependencies\pdcurses\release\initscr.obj
c:\users\joe\desktop\textadventureengine\textadventure\dependencies\pdcurses\release\inchstr.obj
c:\users\joe\desktop\textadventureengine\textadventure\dependencies\pdcurses\release\inch.obj
c:\users\joe\desktop\textadventureengine\textadventure\dependencies\pdcurses\release\getyx.obj
c:\users\joe\desktop\textadventureengine\textadventure\dependencies\pdcurses\release\getstr.obj
c:\users\joe\desktop\textadventureengine\textadventure\dependencies\pdcurses\release\getch.obj
c:\users\joe\desktop\textadventureengine\textadventure\dependencies\pdcurses\release\deprec.obj
c:\users\joe\desktop\textadventureengine\textadventure\dependencies\pdcurses\release\deleteln.obj
c:\users\joe\desktop\textadventureengine\textadventure\dependencies\pdcurses\release\delch.obj
c:\users\joe\desktop\textadventureengine\textadventure\dependencies\pdcurses\release\debug.obj
c:\users\joe\desktop\textadventureengine\textadventure\dependencies\pdcurses\release\color.obj
c:\users\joe\desktop\textadventureengine\textadventure\dependencies\pdcurses\release\clear.obj
c:\users\joe\desktop\textadventureengine\textadventure\dependencies\pdcurses\release\border.obj
c:\users\joe\desktop\textadventureengine\textadventure\dependencies\pdcurses\release\bkgd.obj
c:\users\joe\desktop\textadventureengine\textadventure\dependencies\pdcurses\release\beep.obj
c:\users\joe\desktop\textadventureengine\textadventure\dependencies\pdcurses\release\attr.obj
c:\users\joe\desktop\textadventureengine\textadventure\dependencies\pdcurses\release\addstr.obj
c:\users\joe\desktop\textadventureengine\textadventure\dependencies\pdcurses\release\addchstr.obj
c:\users\joe\desktop\textadventureengine\textadventure\dependencies\pdcurses\release\addch.obj
c:\users\joe\desktop\textadventureengine\textadventure\dependencies\pdcurses\release\touch.obj
c:\users\joe\desktop\textadventureengine\textadventure\dependencies\pdcurses\release\terminfo.obj
c:\users\joe\desktop\textadventureengine\textadventure\dependencies\pdcurses\release\termattr.obj
c:\users\joe\desktop\textadventureengine\textadventure\dependencies\pdcurses\release\slk.obj
c:\users\joe\desktop\textadventureengine\textadventure\dependencies\pdcurses\release\scr_dump.obj
c:\users\joe\desktop\textadventureengine\textadventure\dependencies\pdcurses\release\scroll.obj
c:\users\joe\desktop\textadventureengine\textadventure\dependencies\pdcurses\release\scanw.obj
c:\users\joe\desktop\textadventureengine\textadventure\dependencies\pdcurses\release\refresh.obj
c:\users\joe\desktop\textadventureengine\textadventure\dependencies\pdcurses\release\printw.obj
c:\users\joe\desktop\textadventureengine\textadventure\dependencies\pdcurses\release\panel.obj
c:\users\joe\desktop\textadventureengine\textadventure\dependencies\pdcurses\release\pad.obj
c:\users\joe\desktop\textadventureengine\textadventure\dependencies\pdcurses\release\overlay.obj
c:\users\joe\desktop\textadventureengine\textadventure\dependencies\pdcurses\release\outopts.obj
c:\users\joe\desktop\textadventureengine\textadventure\dependencies\pdcurses\release\move.obj
c:\users\joe\desktop\textadventureengine\textadventure\dependencies\pdcurses\release\mouse.obj
c:\users\joe\desktop\textadventureengine\textadventure\dependencies\pdcurses\release\keyname.obj
c:\users\joe\desktop\textadventureengine\textadventure\dependencies\pdcurses\release\kernel.obj
c:\users\joe\desktop\textadventureengine\textadventure\dependencies\pdcurses\release\instr.obj
c:\users\joe\desktop\textadventureengine\textadventure\dependencies\pdcurses\release\insstr.obj
c:\users\joe\desktop\textadventureengine\textadventure\dependencies\pdcurses\release\insch.obj
c:\users\joe\desktop\textadventureengine\textadventure\dependencies\pdcurses\release\pdcutil.obj
c:\users\joe\desktop\textadventureengine\textadventure\dependencies\pdcurses\release\pdcsetsc.obj
c:\users\joe\desktop\textadventureengine\textadventure\dependencies\pdcurses\release\pdcscrn.obj
c:\users\joe\desktop\textadventureengine\textadventure\dependencies\pdcurses\release\pdckbd.obj
c:\users\joe\desktop\textadventureengine\textadventure\dependencies\pdcurses\release\pdcgetsc.obj
c:\users\joe\desktop\textadventureengine\textadventure\dependencies\pdcurses\release\pdcdisp.obj
c:\users\joe\desktop\textadventureengine\textadventure\dependencies\pdcurses\release\pdcclip.obj
c:\users\joe\desktop\textadventureengine\textadventure\dependencies\pdcurses\release\window.obj
c:\users\joe\desktop\textadventureengine\textadventure\dependencies\pdcurses\release\util.obj
c:\users\joe\desktop\textadventureengine\textadventure\release\pdcurses.lib
c:\users\joe\desktop\textadventureengine\textadventure\dependencies\pdcurses\release\pdcurses.res
c:\users\joe\desktop\textadventureengine\textadventure\dependencies\pdcurses\release\pdcurses.tlog\cl.command.1.tlog
c:\users\joe\desktop\textadventureengine\textadventure\dependencies\pdcurses\release\pdcurses.tlog\cl.read.1.tlog
c:\users\joe\desktop\textadventureengine\textadventure\dependencies\pdcurses\release\pdcurses.tlog\cl.write.1.tlog
c:\users\joe\desktop\textadventureengine\textadventure\dependencies\pdcurses\release\pdcurses.tlog\lib-link-cvtres.read.1.tlog
c:\users\joe\desktop\textadventureengine\textadventure\dependencies\pdcurses\release\pdcurses.tlog\lib-link-cvtres.write.1.tlog
c:\users\joe\desktop\textadventureengine\textadventure\dependencies\pdcurses\release\pdcurses.tlog\lib.command.1.tlog
c:\users\joe\desktop\textadventureengine\textadventure\dependencies\pdcurses\release\pdcurses.tlog\rc.command.1.tlog
c:\users\joe\desktop\textadventureengine\textadventure\dependencies\pdcurses\release\pdcurses.tlog\rc.read.1.tlog
c:\users\joe\desktop\textadventureengine\textadventure\dependencies\pdcurses\release\pdcurses.tlog\rc.write.1.tlog
